  main.cpp
D:\Программы\MO_4\head.h(3,1): warning C4005: UNICODE: изменение макроопределения
D:\Программы\MO_4\main.cpp : message : см. предыдущее определение "UNICODE"
D:\Программы\MO_4\head.h(31,20): warning C4018: <: несоответствие типов со знаком и без знака
D:\Программы\MO_4\head.h(46,20): warning C4018: <: несоответствие типов со знаком и без знака
D:\Программы\MO_4\head.h(59,20): warning C4018: <: несоответствие типов со знаком и без знака
D:\Программы\MO_4\head.h(60,21): warning C4018: <: несоответствие типов со знаком и без знака
D:\Программы\MO_4\head.h(70,20): warning C4018: <: несоответствие типов со знаком и без знака
D:\Программы\MO_4\head.h(71,21): warning C4018: <: несоответствие типов со знаком и без знака
D:\Программы\MO_4\head.h(84,20): warning C4018: <: несоответствие типов со знаком и без знака
D:\Программы\MO_4\head.h(92,20): warning C4018: <: несоответствие типов со знаком и без знака
D:\Программы\MO_4\head.h(101,20): warning C4018: <: несоответствие типов со знаком и без знака
D:\Программы\MO_4\head.h(102,21): warning C4018: <: несоответствие типов со знаком и без знака
D:\Программы\MO_4\head.h(111,20): warning C4018: <: несоответствие типов со знаком и без знака
D:\Программы\MO_4\head.h(126,20): warning C4018: <: несоответствие типов со знаком и без знака
D:\Программы\MO_4\head.h(145,20): warning C4018: <: несоответствие типов со знаком и без знака
D:\Программы\MO_4\head.h(154,20): warning C4018: <: несоответствие типов со знаком и без знака
D:\Программы\MO_4\head.h(163,20): warning C4018: <: несоответствие типов со знаком и без знака
D:\Программы\MO_4\head.h(170,20): warning C4018: <: несоответствие типов со знаком и без знака
D:\Программы\MO_4\main.cpp(292,9): warning C4244: return: преобразование "real" в "int", возможна потеря данных
D:\Программы\MO_4\main.cpp(405,1): warning C4326: возвращаемый тип "main" должен быть "int", а не "void"
  MO_4.vcxproj -> D:\Программы\MO_4\Debug\MO_4.exe
